2025/04/16 16:49:20 methods.go:47: "level"=0 "msg"="calling: " "http://localhost:9002/set"="<no-value>"
2025/04/16 16:49:20 methods.go:47: "level"=0 "msg"="calling: " "http://localhost:9003/set"="<no-value>"
2025/04/16 16:49:20 methods.go:47: "level"=0 "msg"="calling: " "http://localhost:9002/set"="<no-value>"
2025/04/16 16:49:20 methods.go:47: "level"=0 "msg"="calling: " "http://localhost:9001/set"="<no-value>"
2025/04/16 16:49:20 methods.go:47: "level"=0 "msg"="calling: " "http://localhost:9003/set"="<no-value>"
2025/04/16 16:49:20 methods.go:47: "level"=0 "msg"="calling: " "http://localhost:9001/set"="<no-value>"
2025/04/16 16:49:20 methods.go:47: "level"=0 "msg"="calling: " "http://localhost:9003/set"="<no-value>"
2025/04/16 16:49:20 methods.go:47: "level"=0 "msg"="calling: " "http://localhost:9003/set"="<no-value>"
2025/04/16 16:49:20 methods.go:47: "level"=0 "msg"="calling: " "http://localhost:9003/set"="<no-value>"
2025/04/16 16:49:20 methods.go:47: "level"=0 "msg"="calling: " "http://localhost:9002/set"="<no-value>"
2025/04/16 16:49:20 methods.go:53: "level"=0 "msg"="Response for store key: " "Roshan7"="resp: " "<non-string-key: {\"Status\"=\"201 C>"="<no-value>"
2025/04/16 16:49:20 methods.go:53: "level"=0 "msg"="Response for store key: " "Roshan8"="resp: " "<non-string-key: {\"Status\"=\"201 C>"="<no-value>"
2025/04/16 16:49:20 methods.go:53: "level"=0 "msg"="Response for store key: " "Roshan5"="resp: " "<non-string-key: {\"Status\"=\"201 C>"="<no-value>"
2025/04/16 16:49:20 methods.go:53: "level"=0 "msg"="Response for store key: " "Roshan0"="resp: " "<non-string-key: {\"Status\"=\"201 C>"="<no-value>"
2025/04/16 16:49:20 methods.go:53: "level"=0 "msg"="Response for store key: " "Roshan3"="resp: " "<non-string-key: {\"Status\"=\"201 C>"="<no-value>"
2025/04/16 16:49:20 methods.go:53: "level"=0 "msg"="Response for store key: " "Roshan6"="resp: " "<non-string-key: {\"Status\"=\"201 C>"="<no-value>"
2025/04/16 16:49:20 methods.go:53: "level"=0 "msg"="Response for store key: " "Roshan9"="resp: " "<non-string-key: {\"Status\"=\"201 C>"="<no-value>"
2025/04/16 16:49:20 methods.go:53: "level"=0 "msg"="Response for store key: " "Roshan2"="resp: " "<non-string-key: {\"Status\"=\"201 C>"="<no-value>"
2025/04/16 16:49:20 methods.go:53: "level"=0 "msg"="Response for store key: " "Roshan4"="resp: " "<non-string-key: {\"Status\"=\"201 C>"="<no-value>"
2025/04/16 16:49:20 methods.go:53: "level"=0 "msg"="Response for store key: " "Roshan1"="resp: " "<non-string-key: {\"Status\"=\"201 C>"="<no-value>"
2025/04/16 16:49:20 methods.go:66: "level"=0 "msg"="Calling " "url"="http://localhost:9001/get?key=Roshan7"
2025/04/16 16:49:20 methods.go:66: "level"=0 "msg"="Calling " "url"="http://localhost:9002/get?key=Roshan3"
2025/04/16 16:49:20 methods.go:66: "level"=0 "msg"="Calling " "url"="http://localhost:9003/get?key=Roshan4"
2025/04/16 16:49:20 methods.go:66: "level"=0 "msg"="Calling " "url"="http://localhost:9002/get?key=Roshan5"
2025/04/16 16:49:20 methods.go:66: "level"=0 "msg"="Calling " "url"="http://localhost:9001/get?key=Roshan8"
2025/04/16 16:49:20 methods.go:66: "level"=0 "msg"="Calling " "url"="http://localhost:9002/get?key=Roshan0"
2025/04/16 16:49:20 methods.go:66: "level"=0 "msg"="Calling " "url"="http://localhost:9003/get?key=Roshan2"
2025/04/16 16:49:20 methods.go:66: "level"=0 "msg"="Calling " "url"="http://localhost:9003/get?key=Roshan1"
2025/04/16 16:49:20 methods.go:66: "level"=0 "msg"="Calling " "url"="http://localhost:9003/get?key=Roshan6"
2025/04/16 16:49:20 methods.go:66: "level"=0 "msg"="Calling " "url"="http://localhost:9003/get?key=Roshan9"
2025/04/16 16:49:20 methods.go:114: "level"=0 "msg"="Raw JSON body received" "key"="Roshan5" "body"="{\"Age\":5,\"Name\":\"Roshan5\"}"
2025/04/16 16:49:20 methods.go:114: "level"=0 "msg"="Raw JSON body received" "key"="Roshan2" "body"="{\"Age\":2,\"Name\":\"Roshan2\"}"
2025/04/16 16:49:20 methods.go:114: "level"=0 "msg"="Raw JSON body received" "key"="Roshan1" "body"="{\"Age\":1,\"Name\":\"Roshan1\"}"
2025/04/16 16:49:20 methods.go:114: "level"=0 "msg"="Raw JSON body received" "key"="Roshan6" "body"="{\"Age\":6,\"Name\":\"Roshan6\"}"
2025/04/16 16:49:20 methods.go:114: "level"=0 "msg"="Raw JSON body received" "key"="Roshan8" "body"="{\"Age\":8,\"Name\":\"Roshan8\"}"
2025/04/16 16:49:20 methods.go:114: "level"=0 "msg"="Raw JSON body received" "key"="Roshan0" "body"="{\"Age\":0,\"Name\":\"Roshan0\"}"
2025/04/16 16:49:20 methods.go:114: "level"=0 "msg"="Raw JSON body received" "key"="Roshan7" "body"="{\"Age\":7,\"Name\":\"Roshan7\"}"
2025/04/16 16:49:20 methods.go:114: "level"=0 "msg"="Raw JSON body received" "key"="Roshan3" "body"="{\"Age\":3,\"Name\":\"Roshan3\"}"
2025/04/16 16:49:20 methods.go:114: "level"=0 "msg"="Raw JSON body received" "key"="Roshan4" "body"="{\"Age\":4,\"Name\":\"Roshan4\"}"
2025/04/16 16:49:20 methods.go:114: "level"=0 "msg"="Raw JSON body received" "key"="Roshan9" "body"="{\"Age\":9,\"Name\":\"Roshan9\"}"
2025/04/16 16:49:20 methods.go:131: "level"=0 "msg"="Calling " "url"="http://localhost:9002/delete?key=Roshan3"
2025/04/16 16:49:20 methods.go:131: "level"=0 "msg"="Calling " "url"="http://localhost:9002/delete?key=Roshan0"
2025/04/16 16:49:20 methods.go:131: "level"=0 "msg"="Calling " "url"="http://localhost:9003/delete?key=Roshan9"
2025/04/16 16:49:20 methods.go:131: "level"=0 "msg"="Calling " "url"="http://localhost:9003/delete?key=Roshan6"
2025/04/16 16:49:20 methods.go:145: "level"=0 "msg"="Response " "status"="200 OK" "key"="Roshan3"
2025/04/16 16:49:20 methods.go:145: "level"=0 "msg"="Response " "status"="200 OK" "key"="Roshan6"
2025/04/16 16:49:20 methods.go:151: "level"=0 "msg"="Response " "Body"=" Deleted: key Roshan3 Key: Roshan3 deleted from hashmap."
2025/04/16 16:49:20 methods.go:145: "level"=0 "msg"="Response " "status"="200 OK" "key"="Roshan0"
2025/04/16 16:49:20 methods.go:151: "level"=0 "msg"="Response " "Body"=" Deleted: key Roshan6 Key: Roshan6 deleted from hashmap."
2025/04/16 16:49:20 methods.go:151: "level"=0 "msg"="Response " "Body"=" Deleted: key Roshan0 Key: Roshan0 deleted from hashmap."
2025/04/16 16:49:20 methods.go:145: "level"=0 "msg"="Response " "status"="200 OK" "key"="Roshan9"
2025/04/16 16:49:20 methods.go:151: "level"=0 "msg"="Response " "Body"=" Deleted: key Roshan9 Key: Roshan9 deleted from hashmap."
2025/04/16 16:49:20 methods.go:66: "level"=0 "msg"="Calling " "url"="http://localhost:9003/get?key=Roshan1"
2025/04/16 16:49:20 methods.go:66: "level"=0 "msg"="Calling " "url"="http://localhost:9001/get?key=Roshan8"
2025/04/16 16:49:20 methods.go:66: "level"=0 "msg"="Calling " "url"="http://localhost:9002/get?key=Roshan10"
2025/04/16 16:49:20 methods.go:66: "level"=0 "msg"="Calling " "url"="http://localhost:9002/get?key=Roshan3"
2025/04/16 16:49:20 methods.go:66: "level"=0 "msg"="Calling " "url"="http://localhost:9003/get?key=Roshan2"
2025/04/16 16:49:20 methods.go:66: "level"=0 "msg"="Calling " "url"="http://localhost:9001/get?key=Roshan7"
2025/04/16 16:49:20 methods.go:66: "level"=0 "msg"="Calling " "url"="http://localhost:9002/get?key=Roshan5"
2025/04/16 16:49:20 methods.go:66: "level"=0 "msg"="Calling " "url"="http://localhost:9003/get?key=Roshan4"
2025/04/16 16:49:20 methods.go:66: "level"=0 "msg"="Calling " "url"="http://localhost:9003/get?key=Roshan6"
2025/04/16 16:49:20 methods.go:66: "level"=0 "msg"="Calling " "url"="http://localhost:9003/get?key=Roshan11"
2025/04/16 16:49:20 methods.go:66: "level"=0 "msg"="Calling " "url"="http://localhost:9003/get?key=Roshan9"
2025/04/16 16:49:20 methods.go:66: "level"=0 "msg"="Calling " "url"="http://localhost:9002/get?key=Roshan0"
2025/04/16 16:49:20 methods.go:114: "level"=0 "msg"="Raw JSON body received" "key"="Roshan1" "body"="{\"Age\":1,\"Name\":\"Roshan1\"}"
2025/04/16 16:49:20 methods.go:114: "level"=0 "msg"="Raw JSON body received" "key"="Roshan2" "body"="{\"Age\":2,\"Name\":\"Roshan2\"}"
2025/04/16 16:49:20 methods.go:114: "level"=0 "msg"="Raw JSON body received" "key"="Roshan8" "body"="{\"Age\":8,\"Name\":\"Roshan8\"}"
2025/04/16 16:49:20 methods.go:114: "level"=0 "msg"="Raw JSON body received" "key"="Roshan4" "body"="{\"Age\":4,\"Name\":\"Roshan4\"}"
2025/04/16 16:49:20 methods.go:114: "level"=0 "msg"="Raw JSON body received" "key"="Roshan7" "body"="{\"Age\":7,\"Name\":\"Roshan7\"}"
2025/04/16 16:49:20 methods.go:114: "level"=0 "msg"="Raw JSON body received" "key"="Roshan5" "body"="{\"Age\":5,\"Name\":\"Roshan5\"}"
