2025/04/16 16:48:57 handler.go:88: "level"=0 "msg"="Listening on" "address"=":9003"
2025/04/16 16:49:00 handler.go:88: "level"=0 "msg"="Listening on" "address"=":9001"
2025/04/16 16:49:06 handler.go:88: "level"=0 "msg"="Listening on" "address"=":9002"
2025/04/16 16:49:20 handler.go:102: "level"=0 "msg"="Storing" "key"="Roshan7"
2025/04/16 16:49:20 handler.go:115: "level"=0 "msg"="Adding task in pool for inserting" "key"="Roshan7"
2025/04/16 16:49:20 handler.go:102: "level"=0 "msg"="Storing" "key"="Roshan8"
2025/04/16 16:49:20 handler.go:115: "level"=0 "msg"="Adding task in pool for inserting" "key"="Roshan8"
2025/04/16 16:49:20 handler.go:120: "level"=0 "msg"="Key" "Roshan7"=" is stored in hashmap"
2025/04/16 16:49:20 handler.go:120: "level"=0 "msg"="Key" "Roshan8"=" is stored in hashmap"
2025/04/16 16:49:20 handler.go:102: "level"=0 "msg"="Storing" "key"="Roshan0"
2025/04/16 16:49:20 handler.go:102: "level"=0 "msg"="Storing" "key"="Roshan5"
2025/04/16 16:49:20 handler.go:102: "level"=0 "msg"="Storing" "key"="Roshan3"
2025/04/16 16:49:20 handler.go:115: "level"=0 "msg"="Adding task in pool for inserting" "key"="Roshan5"
2025/04/16 16:49:20 handler.go:115: "level"=0 "msg"="Adding task in pool for inserting" "key"="Roshan3"
2025/04/16 16:49:20 handler.go:115: "level"=0 "msg"="Adding task in pool for inserting" "key"="Roshan0"
2025/04/16 16:49:20 handler.go:102: "level"=0 "msg"="Storing" "key"="Roshan1"
2025/04/16 16:49:20 handler.go:102: "level"=0 "msg"="Storing" "key"="Roshan4"
2025/04/16 16:49:20 handler.go:102: "level"=0 "msg"="Storing" "key"="Roshan9"
2025/04/16 16:49:20 handler.go:115: "level"=0 "msg"="Adding task in pool for inserting" "key"="Roshan1"
2025/04/16 16:49:20 handler.go:115: "level"=0 "msg"="Adding task in pool for inserting" "key"="Roshan4"
2025/04/16 16:49:20 handler.go:115: "level"=0 "msg"="Adding task in pool for inserting" "key"="Roshan9"
2025/04/16 16:49:20 handler.go:102: "level"=0 "msg"="Storing" "key"="Roshan6"
2025/04/16 16:49:20 handler.go:115: "level"=0 "msg"="Adding task in pool for inserting" "key"="Roshan6"
2025/04/16 16:49:20 handler.go:102: "level"=0 "msg"="Storing" "key"="Roshan2"
2025/04/16 16:49:20 handler.go:115: "level"=0 "msg"="Adding task in pool for inserting" "key"="Roshan2"
2025/04/16 16:49:20 handler.go:120: "level"=0 "msg"="Key" "Roshan5"=" is stored in hashmap"
2025/04/16 16:49:20 handler.go:120: "level"=0 "msg"="Key" "Roshan3"=" is stored in hashmap"
2025/04/16 16:49:20 handler.go:120: "level"=0 "msg"="Key" "Roshan0"=" is stored in hashmap"
2025/04/16 16:49:20 handler.go:120: "level"=0 "msg"="Key" "Roshan2"=" is stored in hashmap"
2025/04/16 16:49:20 handler.go:120: "level"=0 "msg"="Key" "Roshan1"=" is stored in hashmap"
2025/04/16 16:49:20 handler.go:120: "level"=0 "msg"="Key" "Roshan6"=" is stored in hashmap"
2025/04/16 16:49:20 handler.go:120: "level"=0 "msg"="Key" "Roshan4"=" is stored in hashmap"
2025/04/16 16:49:20 handler.go:120: "level"=0 "msg"="Key" "Roshan9"=" is stored in hashmap"
2025/04/16 16:49:20 handler.go:136: "level"=0 "msg"="Fetchin" "key"="Roshan2"
2025/04/16 16:49:20 handler.go:143: "level"=0 "msg"=" for fetching" "key"="Roshan2"
2025/04/16 16:49:20 handler.go:136: "level"=0 "msg"="Fetchin" "key"="Roshan7"
2025/04/16 16:49:20 handler.go:143: "level"=0 "msg"=" for fetching" "key"="Roshan7"
2025/04/16 16:49:20 handler.go:136: "level"=0 "msg"="Fetchin" "key"="Roshan8"
2025/04/16 16:49:20 handler.go:143: "level"=0 "msg"=" for fetching" "key"="Roshan8"
2025/04/16 16:49:20 handler.go:136: "level"=0 "msg"="Fetchin" "key"="Roshan0"
2025/04/16 16:49:20 handler.go:143: "level"=0 "msg"=" for fetching" "key"="Roshan0"
2025/04/16 16:49:20 handler.go:136: "level"=0 "msg"="Fetchin" "key"="Roshan1"
2025/04/16 16:49:20 handler.go:143: "level"=0 "msg"=" for fetching" "key"="Roshan1"
2025/04/16 16:49:20 handler.go:136: "level"=0 "msg"="Fetchin" "key"="Roshan5"
2025/04/16 16:49:20 handler.go:143: "level"=0 "msg"=" for fetching" "key"="Roshan5"
2025/04/16 16:49:20 handler.go:153: "level"=0 "msg"="successfully got value from hashmap for " "key"="Roshan2"
2025/04/16 16:49:20 handler.go:153: "level"=0 "msg"="successfully got value from hashmap for " "key"="Roshan7"
2025/04/16 16:49:20 handler.go:153: "level"=0 "msg"="successfully got value from hashmap for " "key"="Roshan8"
2025/04/16 16:49:20 handler.go:153: "level"=0 "msg"="successfully got value from hashmap for " "key"="Roshan1"
2025/04/16 16:49:20 handler.go:153: "level"=0 "msg"="successfully got value from hashmap for " "key"="Roshan5"
2025/04/16 16:49:20 handler.go:153: "level"=0 "msg"="successfully got value from hashmap for " "key"="Roshan0"
2025/04/16 16:49:20 handler.go:136: "level"=0 "msg"="Fetchin" "key"="Roshan6"
2025/04/16 16:49:20 handler.go:143: "level"=0 "msg"=" for fetching" "key"="Roshan6"
2025/04/16 16:49:20 handler.go:153: "level"=0 "msg"="successfully got value from hashmap for " "key"="Roshan6"
2025/04/16 16:49:20 handler.go:136: "level"=0 "msg"="Fetchin" "key"="Roshan9"
2025/04/16 16:49:20 handler.go:136: "level"=0 "msg"="Fetchin" "key"="Roshan4"
2025/04/16 16:49:20 handler.go:136: "level"=0 "msg"="Fetchin" "key"="Roshan3"
2025/04/16 16:49:20 handler.go:143: "level"=0 "msg"=" for fetching" "key"="Roshan9"
2025/04/16 16:49:20 handler.go:143: "level"=0 "msg"=" for fetching" "key"="Roshan4"
2025/04/16 16:49:20 handler.go:143: "level"=0 "msg"=" for fetching" "key"="Roshan3"
2025/04/16 16:49:20 handler.go:153: "level"=0 "msg"="successfully got value from hashmap for " "key"="Roshan3"
2025/04/16 16:49:20 handler.go:153: "level"=0 "msg"="successfully got value from hashmap for " "key"="Roshan4"
2025/04/16 16:49:20 handler.go:153: "level"=0 "msg"="successfully got value from hashmap for " "key"="Roshan9"
2025/04/16 16:49:20 handler.go:170: "level"=0 "msg"="Deleting" "key"="Roshan3"
2025/04/16 16:49:20 handler.go:177: "level"=0 "msg"="Adding task in pool for deleting" "key"="Roshan3"
2025/04/16 16:49:20 handler.go:170: "level"=0 "msg"="Deleting" "key"="Roshan0"
2025/04/16 16:49:20 handler.go:177: "level"=0 "msg"="Adding task in pool for deleting" "key"="Roshan0"
2025/04/16 16:49:20 handler.go:170: "level"=0 "msg"="Deleting" "key"="Roshan9"
2025/04/16 16:49:20 handler.go:177: "level"=0 "msg"="Adding task in pool for deleting" "key"="Roshan9"
2025/04/16 16:49:20 handler.go:170: "level"=0 "msg"="Deleting" "key"="Roshan6"
2025/04/16 16:49:20 handler.go:177: "level"=0 "msg"="Adding task in pool for deleting" "key"="Roshan6"
2025/04/16 16:49:20 handler.go:182: "level"=0 "msg"="successfully deleted key from hashmap for " "key"="Roshan3"
2025/04/16 16:49:20 handler.go:182: "level"=0 "msg"="successfully deleted key from hashmap for " "key"="Roshan6"
2025/04/16 16:49:20 handler.go:182: "level"=0 "msg"="successfully deleted key from hashmap for " "key"="Roshan0"
2025/04/16 16:49:20 handler.go:182: "level"=0 "msg"="successfully deleted key from hashmap for " "key"="Roshan9"
2025/04/16 16:49:20 handler.go:136: "level"=0 "msg"="Fetchin" "key"="Roshan1"
2025/04/16 16:49:20 handler.go:143: "level"=0 "msg"=" for fetching" "key"="Roshan1"
2025/04/16 16:49:20 handler.go:136: "level"=0 "msg"="Fetchin" "key"="Roshan10"
2025/04/16 16:49:20 handler.go:153: "level"=0 "msg"="successfully got value from hashmap for " "key"="Roshan1"
2025/04/16 16:49:20 handler.go:143: "level"=0 "msg"=" for fetching" "key"="Roshan10"
2025/04/16 16:49:20 handler.go:136: "level"=0 "msg"="Fetchin" "key"="Roshan3"
2025/04/16 16:49:20 handler.go:143: "level"=0 "msg"=" for fetching" "key"="Roshan3"
2025/04/16 16:49:20 handler.go:136: "level"=0 "msg"="Fetchin" "key"="Roshan2"
2025/04/16 16:49:20 handler.go:143: "level"=0 "msg"=" for fetching" "key"="Roshan2"
2025/04/16 16:49:20 handler.go:153: "level"=0 "msg"="successfully got value from hashmap for " "key"="Roshan2"
2025/04/16 16:49:20 handler.go:136: "level"=0 "msg"="Fetchin" "key"="Roshan8"
2025/04/16 16:49:20 handler.go:143: "level"=0 "msg"=" for fetching" "key"="Roshan8"
2025/04/16 16:49:20 handler.go:153: "level"=0 "msg"="successfully got value from hashmap for " "key"="Roshan8"
2025/04/16 16:49:20 handler.go:136: "level"=0 "msg"="Fetchin" "key"="Roshan7"
2025/04/16 16:49:20 handler.go:143: "level"=0 "msg"=" for fetching" "key"="Roshan7"
2025/04/16 16:49:20 handler.go:153: "level"=0 "msg"="successfully got value from hashmap for " "key"="Roshan7"
2025/04/16 16:49:20 handler.go:136: "level"=0 "msg"="Fetchin" "key"="Roshan4"
2025/04/16 16:49:20 handler.go:143: "level"=0 "msg"=" for fetching" "key"="Roshan4"
2025/04/16 16:49:20 handler.go:153: "level"=0 "msg"="successfully got value from hashmap for " "key"="Roshan4"
2025/04/16 16:49:20 handler.go:136: "level"=0 "msg"="Fetchin" "key"="Roshan6"
2025/04/16 16:49:20 handler.go:143: "level"=0 "msg"=" for fetching" "key"="Roshan6"
2025/04/16 16:49:20 handler.go:158: "msg"="Error while Fetching " "error"="Key Roshan10 not found : key Roshan10 not found" "key"="Roshan10"
2025/04/16 16:49:20 handler.go:158: "msg"="Error while Fetching " "error"="Key Roshan3 not found : key Roshan3 not found" "key"="Roshan3"
2025/04/16 16:49:20 handler.go:136: "level"=0 "msg"="Fetchin" "key"="Roshan11"
2025/04/16 16:49:20 handler.go:143: "level"=0 "msg"=" for fetching" "key"="Roshan11"
2025/04/16 16:49:20 handler.go:136: "level"=0 "msg"="Fetchin" "key"="Roshan9"
2025/04/16 16:49:20 handler.go:143: "level"=0 "msg"=" for fetching" "key"="Roshan9"
2025/04/16 16:49:20 handler.go:136: "level"=0 "msg"="Fetchin" "key"="Roshan0"
2025/04/16 16:49:20 handler.go:143: "level"=0 "msg"=" for fetching" "key"="Roshan0"
2025/04/16 16:49:20 handler.go:158: "msg"="Error while Fetching " "error"="Key Roshan0 not found : key Roshan0 not found" "key"="Roshan0"
2025/04/16 16:49:20 handler.go:136: "level"=0 "msg"="Fetchin" "key"="Roshan5"
2025/04/16 16:49:20 handler.go:143: "level"=0 "msg"=" for fetching" "key"="Roshan5"
2025/04/16 16:49:20 handler.go:153: "level"=0 "msg"="successfully got value from hashmap for " "key"="Roshan5"
2025/04/16 16:49:20 handler.go:158: "msg"="Error while Fetching " "error"="Key Roshan6 not found : key Roshan6 not found" "key"="Roshan6"
2025/04/16 16:49:20 handler.go:158: "msg"="Error while Fetching " "error"="Key Roshan9 not found : key Roshan9 not found" "key"="Roshan9"
2025/04/16 16:49:20 handler.go:158: "msg"="Error while Fetching " "error"="Key Roshan11 not found : key Roshan11 not found" "key"="Roshan11"
